app/build/intermediates/manifest_merge_blame_file/debug/manifest-merger-blame-debug-report.txt
1<?xml version="1.0" encoding="utf-8"?>
2<manifest xmlns:android="http://schemas.android.com/apk/res/android"
3    package="com.example.socalbeach4life"
4    android:versionCode="1"
5    android:versionName="1.0" >
6
7    <uses-sdk
8        android:minSdkVersion="26"
8-->src/main/AndroidManifest.xml
9        android:targetSdkVersion="32" />
9-->src/main/AndroidManifest.xml
10
11    <uses-permission android:name="android.permission.ACCESS_COARSE_LOCATION" />
11-->src/main/AndroidManifest.xml:6:5-81
11-->src/main/AndroidManifest.xml:6:22-78
12    <uses-permission android:name="android.permission.ACCESS_FINE_LOCATION" />
12-->src/main/AndroidManifest.xml:7:5-79
12-->src/main/AndroidManifest.xml:7:22-76
13    <uses-permission android:name="android.permission.INTERNET" />
13-->src/main/AndroidManifest.xml:8:5-67
13-->src/main/AndroidManifest.xml:8:22-64
14
15    <!-- Include required permissions for Google Maps API to run. -->
16    <uses-permission android:name="android.permission.ACCESS_NETWORK_STATE" />
16-->[com.google.android.gms:play-services-maps:17.0.1] AndroidManifest.xml:23:5-79
16-->[com.google.android.gms:play-services-maps:17.0.1] AndroidManifest.xml:23:22-76
17
18    <uses-feature
18-->[com.google.android.gms:play-services-maps:17.0.1] AndroidManifest.xml:26:5-28:35
19        android:glEsVersion="0x00020000"
19-->[com.google.android.gms:play-services-maps:17.0.1] AndroidManifest.xml:27:9-41
20        android:required="true" />
20-->[com.google.android.gms:play-services-maps:17.0.1] AndroidManifest.xml:28:9-32
21
22    <queries>
22-->[com.google.android.gms:play-services-maps:17.0.1] AndroidManifest.xml:30:5-34:15
23
24        <!-- Needs to be explicitly declared on Android R+ -->
25        <package android:name="com.google.android.apps.maps" />
25-->[com.google.android.gms:play-services-maps:17.0.1] AndroidManifest.xml:33:9-64
25-->[com.google.android.gms:play-services-maps:17.0.1] AndroidManifest.xml:33:18-61
26    </queries>
27
28    <uses-permission android:name="android.permission.WAKE_LOCK" />
28-->[com.google.android.gms:play-services-measurement-api:21.2.0] AndroidManifest.xml:24:5-68
28-->[com.google.android.gms:play-services-measurement-api:21.2.0] AndroidManifest.xml:24:22-65
29    <uses-permission android:name="com.google.android.gms.permission.AD_ID" />
29-->[com.google.android.gms:play-services-measurement-api:21.2.0] AndroidManifest.xml:25:5-79
29-->[com.google.android.gms:play-services-measurement-api:21.2.0] AndroidManifest.xml:25:22-76
30    <uses-permission android:name="com.google.android.finsky.permission.BIND_GET_INSTALL_REFERRER_SERVICE" />
30-->[com.google.android.gms:play-services-measurement:21.2.0] AndroidManifest.xml:26:5-110
30-->[com.google.android.gms:play-services-measurement:21.2.0] AndroidManifest.xml:26:22-107
31
32    <application
32-->src/main/AndroidManifest.xml:10:5-68:19
33        android:allowBackup="true"
33-->src/main/AndroidManifest.xml:11:9-35
34        android:appComponentFactory="androidx.core.app.CoreComponentFactory"
34-->[androidx.core:core:1.8.0] AndroidManifest.xml:24:18-86
35        android:dataExtractionRules="@xml/data_extraction_rules"
35-->src/main/AndroidManifest.xml:12:9-65
36        android:debuggable="true"
37        android:extractNativeLibs="false"
38        android:fullBackupContent="@xml/backup_rules"
38-->src/main/AndroidManifest.xml:13:9-54
39        android:icon="@mipmap/ic_launcher"
39-->src/main/AndroidManifest.xml:14:9-43
40        android:label="@string/app_name"
40-->src/main/AndroidManifest.xml:15:9-41
41        android:roundIcon="@mipmap/ic_launcher_round"
41-->src/main/AndroidManifest.xml:16:9-54
42        android:supportsRtl="true"
42-->src/main/AndroidManifest.xml:17:9-35
43        android:testOnly="true"
44        android:theme="@style/Theme.SoCalBeach4Life" >
44-->src/main/AndroidManifest.xml:18:9-53
45        <activity
45-->src/main/AndroidManifest.xml:20:9-22:40
46            android:name="com.example.socalbeach4life.AddReviewActivity"
46-->src/main/AndroidManifest.xml:21:13-46
47            android:exported="false" />
47-->src/main/AndroidManifest.xml:22:13-37
48        <activity
48-->src/main/AndroidManifest.xml:23:9-25:40
49            android:name="com.example.socalbeach4life.ViewReviewsActivity"
49-->src/main/AndroidManifest.xml:24:13-48
50            android:exported="false" />
50-->src/main/AndroidManifest.xml:25:13-37
51        <activity
51-->src/main/AndroidManifest.xml:26:9-28:40
52            android:name="com.example.socalbeach4life.ReviewMainActivity"
52-->src/main/AndroidManifest.xml:27:13-47
53            android:exported="false" />
53-->src/main/AndroidManifest.xml:28:13-37
54        <activity
54-->src/main/AndroidManifest.xml:29:9-31:40
55            android:name="com.example.socalbeach4life.ViewTrips"
55-->src/main/AndroidManifest.xml:30:13-38
56            android:exported="false" />
56-->src/main/AndroidManifest.xml:31:13-37
57        <activity
57-->src/main/AndroidManifest.xml:32:9-34:40
58            android:name="com.example.socalbeach4life.ViewRestaurant"
58-->src/main/AndroidManifest.xml:33:13-43
59            android:exported="false" />
59-->src/main/AndroidManifest.xml:34:13-37
60        <activity
60-->src/main/AndroidManifest.xml:35:9-44:20
61            android:name="com.example.socalbeach4life.StartActivity"
61-->src/main/AndroidManifest.xml:36:13-42
62            android:exported="true"
62-->src/main/AndroidManifest.xml:37:13-36
63            android:label="Login" >
63-->src/main/AndroidManifest.xml:38:13-34
64            <intent-filter>
64-->src/main/AndroidManifest.xml:39:13-43:29
65                <action android:name="android.intent.action.MAIN" />
65-->src/main/AndroidManifest.xml:40:17-69
65-->src/main/AndroidManifest.xml:40:25-66
66
67                <category android:name="android.intent.category.LAUNCHER" />
67-->src/main/AndroidManifest.xml:42:17-77
67-->src/main/AndroidManifest.xml:42:27-74
68            </intent-filter>
69        </activity>
70        <!--
71             TODO: Before you run your application, you need a Google Maps API key.
72
73             To get one, follow the directions here:
74
75                https://developers.google.com/maps/documentation/android-sdk/get-api-key
76
77             Once you have your API key (it starts with "AIza"), define a new property in your
78             project's local.properties file (e.g. MAPS_API_KEY=Aiza...), and replace the
79             "YOUR_API_KEY" string in this file with "${MAPS_API_KEY}".
80        -->
81        <meta-data
81-->src/main/AndroidManifest.xml:56:9-58:71
82            android:name="com.google.android.geo.API_KEY"
82-->src/main/AndroidManifest.xml:57:13-58
83            android:value="AIzaSyAEWEupyyb2xLmiyBWyflHQiuJqDUoKTng" />
83-->src/main/AndroidManifest.xml:58:13-68
84        <meta-data
84-->src/main/AndroidManifest.xml:59:9-61:69
85            android:name="com.google.android.gms.version"
85-->src/main/AndroidManifest.xml:60:13-58
86            android:value="@integer/google_play_services_version" />
86-->src/main/AndroidManifest.xml:61:13-66
87
88        <activity
88-->src/main/AndroidManifest.xml:63:9-67:36
89            android:name="com.example.socalbeach4life.MapsActivity"
89-->src/main/AndroidManifest.xml:64:13-41
90            android:exported="true"
90-->src/main/AndroidManifest.xml:65:13-36
91            android:label="@string/title_activity_maps" />
91-->src/main/AndroidManifest.xml:66:13-56
92        <!-- Needs to be explicitly declared on P+ -->
93        <uses-library
93-->[com.google.android.gms:play-services-maps:17.0.1] AndroidManifest.xml:39:9-41:40
94            android:name="org.apache.http.legacy"
94-->[com.google.android.gms:play-services-maps:17.0.1] AndroidManifest.xml:40:13-50
95            android:required="false" />
95-->[com.google.android.gms:play-services-maps:17.0.1] AndroidManifest.xml:41:13-37
96
97        <service
97-->[com.google.firebase:firebase-firestore:24.4.0] AndroidManifest.xml:16:9-22:19
98            android:name="com.google.firebase.components.ComponentDiscoveryService"
98-->[com.google.firebase:firebase-firestore:24.4.0] AndroidManifest.xml:17:13-84
99            android:directBootAware="true"
99-->[com.google.firebase:firebase-common:20.2.0] AndroidManifest.xml:34:13-43
100            android:exported="false" >
100-->[com.google.firebase:firebase-firestore:24.4.0] AndroidManifest.xml:18:13-37
101            <meta-data
101-->[com.google.firebase:firebase-firestore:24.4.0] AndroidManifest.xml:19:13-21:85
102                android:name="com.google.firebase.components:com.google.firebase.firestore.FirestoreRegistrar"
102-->[com.google.firebase:firebase-firestore:24.4.0] AndroidManifest.xml:20:17-111
103                android:value="com.google.firebase.components.ComponentRegistrar" />
103-->[com.google.firebase:firebase-firestore:24.4.0] AndroidManifest.xml:21:17-82
104            <meta-data
104-->[com.google.android.gms:play-services-measurement-api:21.2.0] AndroidManifest.xml:31:13-33:85
105                android:name="com.google.firebase.components:com.google.firebase.analytics.connector.internal.AnalyticsConnectorRegistrar"
105-->[com.google.android.gms:play-services-measurement-api:21.2.0] AndroidManifest.xml:32:17-139
106                android:value="com.google.firebase.components.ComponentRegistrar" />
106-->[com.google.android.gms:play-services-measurement-api:21.2.0] AndroidManifest.xml:33:17-82
107            <meta-data
107-->[com.google.firebase:firebase-installations:17.1.0] AndroidManifest.xml:17:13-19:85
108                android:name="com.google.firebase.components:com.google.firebase.installations.FirebaseInstallationsRegistrar"
108-->[com.google.firebase:firebase-installations:17.1.0] AndroidManifest.xml:18:17-127
109                android:value="com.google.firebase.components.ComponentRegistrar" />
109-->[com.google.firebase:firebase-installations:17.1.0] AndroidManifest.xml:19:17-82
110        </service>
111
112        <provider
112-->[com.google.firebase:firebase-common:20.2.0] AndroidManifest.xml:25:9-30:39
113            android:name="com.google.firebase.provider.FirebaseInitProvider"
113-->[com.google.firebase:firebase-common:20.2.0] AndroidManifest.xml:26:13-77
114            android:authorities="com.example.socalbeach4life.firebaseinitprovider"
114-->[com.google.firebase:firebase-common:20.2.0] AndroidManifest.xml:27:13-72
115            android:directBootAware="true"
115-->[com.google.firebase:firebase-common:20.2.0] AndroidManifest.xml:28:13-43
116            android:exported="false"
116-->[com.google.firebase:firebase-common:20.2.0] AndroidManifest.xml:29:13-37
117            android:initOrder="100" />
117-->[com.google.firebase:firebase-common:20.2.0] AndroidManifest.xml:30:13-36
118
119        <activity
119-->[com.google.android.gms:play-services-base:18.0.1] AndroidManifest.xml:20:9-22:45
120            android:name="com.google.android.gms.common.api.GoogleApiActivity"
120-->[com.google.android.gms:play-services-base:18.0.1] AndroidManifest.xml:20:19-85
121            android:exported="false"
121-->[com.google.android.gms:play-services-base:18.0.1] AndroidManifest.xml:22:19-43
122            android:theme="@android:style/Theme.Translucent.NoTitleBar" />
122-->[com.google.android.gms:play-services-base:18.0.1] AndroidManifest.xml:21:19-78
123
124        <receiver
124-->[com.google.android.gms:play-services-measurement:21.2.0] AndroidManifest.xml:29:9-33:20
125            android:name="com.google.android.gms.measurement.AppMeasurementReceiver"
125-->[com.google.android.gms:play-services-measurement:21.2.0] AndroidManifest.xml:30:13-85
126            android:enabled="true"
126-->[com.google.android.gms:play-services-measurement:21.2.0] AndroidManifest.xml:31:13-35
127            android:exported="false" >
127-->[com.google.android.gms:play-services-measurement:21.2.0] AndroidManifest.xml:32:13-37
128        </receiver>
129
130        <service
130-->[com.google.android.gms:play-services-measurement:21.2.0] AndroidManifest.xml:35:9-38:40
131            android:name="com.google.android.gms.measurement.AppMeasurementService"
131-->[com.google.android.gms:play-services-measurement:21.2.0] AndroidManifest.xml:36:13-84
132            android:enabled="true"
132-->[com.google.android.gms:play-services-measurement:21.2.0] AndroidManifest.xml:37:13-35
133            android:exported="false" />
133-->[com.google.android.gms:play-services-measurement:21.2.0] AndroidManifest.xml:38:13-37
134        <service
134-->[com.google.android.gms:play-services-measurement:21.2.0] AndroidManifest.xml:39:9-43:72
135            android:name="com.google.android.gms.measurement.AppMeasurementJobService"
135-->[com.google.android.gms:play-services-measurement:21.2.0] AndroidManifest.xml:40:13-87
136            android:enabled="true"
136-->[com.google.android.gms:play-services-measurement:21.2.0] AndroidManifest.xml:41:13-35
137            android:exported="false"
137-->[com.google.android.gms:play-services-measurement:21.2.0] AndroidManifest.xml:42:13-37
138            android:permission="android.permission.BIND_JOB_SERVICE" />
138-->[com.google.android.gms:play-services-measurement:21.2.0] AndroidManifest.xml:43:13-69
139
140        <provider
140-->[androidx.emoji2:emoji2:1.2.0] AndroidManifest.xml:24:9-32:20
141            android:name="androidx.startup.InitializationProvider"
141-->[androidx.emoji2:emoji2:1.2.0] AndroidManifest.xml:25:13-67
142            android:authorities="com.example.socalbeach4life.androidx-startup"
142-->[androidx.emoji2:emoji2:1.2.0] AndroidManifest.xml:26:13-68
143            android:exported="false" >
143-->[androidx.emoji2:emoji2:1.2.0] AndroidManifest.xml:27:13-37
144            <meta-data
144-->[androidx.emoji2:emoji2:1.2.0] AndroidManifest.xml:29:13-31:52
145                android:name="androidx.emoji2.text.EmojiCompatInitializer"
145-->[androidx.emoji2:emoji2:1.2.0] AndroidManifest.xml:30:17-75
146                android:value="androidx.startup" />
146-->[androidx.emoji2:emoji2:1.2.0] AndroidManifest.xml:31:17-49
147            <meta-data
147-->[androidx.lifecycle:lifecycle-process:2.4.1] AndroidManifest.xml:31:13-33:52
148                android:name="androidx.lifecycle.ProcessLifecycleInitializer"
148-->[androidx.lifecycle:lifecycle-process:2.4.1] AndroidManifest.xml:32:17-78
149                android:value="androidx.startup" />
149-->[androidx.lifecycle:lifecycle-process:2.4.1] AndroidManifest.xml:33:17-49
150        </provider>
151    </application>
152
153</manifest>